<?xml version="1.0" encoding="UTF-8"?>
<testsuite xmlns:xsi="http://www.w3.org/2001/XMLSchema-instance" xsi:noNamespaceSchemaLocation="https://maven.apache.org/surefire/maven-surefire-plugin/xsd/surefire-test-report-3.0.xsd" version="3.0" name="com.ug7.soal1.AppTest" time="0.027" tests="7" errors="0" skipped="0" failures="5">
  <properties>
[...]
</properties>
  <testcase name="testInsufficientPay" classname="com.ug7.soal1.AppTest" time="0.016">
    <failure message="expected: &lt;0&gt; but was: &lt;-50000&gt;" type="org.opentest4j.AssertionFailedError"><![CDATA[org.opentest4j.AssertionFailedError: expected: <0> but was: <-50000>
	at com.ug7.soal1.AppTest.testInsufficientPay(AppTest.java:54)
]]></failure>
  </testcase>
  <testcase name="testEmail" classname="com.ug7.soal1.AppTest" time="0.001"/>
  <testcase name="testTopup" classname="com.ug7.soal1.AppTest" time="0">
    <failure message="expected: &lt;9000&gt; but was: &lt;39000&gt;" type="org.opentest4j.AssertionFailedError"><![CDATA[org.opentest4j.AssertionFailedError: expected: <9000> but was: <39000>
	at com.ug7.soal1.AppTest.testTopup(AppTest.java:28)
]]></failure>
  </testcase>
  <testcase name="testTransferSPay" classname="com.ug7.soal1.AppTest" time="0.001">
    <failure message="expected: &lt;4500&gt; but was: &lt;84500&gt;" type="org.opentest4j.AssertionFailedError"><![CDATA[org.opentest4j.AssertionFailedError: expected: <4500> but was: <84500>
	at com.ug7.soal1.AppTest.testTransferSPay(AppTest.java:75)
]]></failure>
    <system-out><![CDATA[Halo, Kazuha! Email kamu (kazuha@example.com) berhasil dikonfirmasi!
]]></system-out>
  </testcase>
  <testcase name="testWithdraw" classname="com.ug7.soal1.AppTest" time="0.001">
    <failure message="expected: &lt;5500&gt; but was: &lt;35500&gt;" type="org.opentest4j.AssertionFailedError"><![CDATA[org.opentest4j.AssertionFailedError: expected: <5500> but was: <35500>
	at com.ug7.soal1.AppTest.testWithdraw(AppTest.java:82)
]]></failure>
  </testcase>
  <testcase name="testTransferGoPay" classname="com.ug7.soal1.AppTest" time="0.001"/>
  <testcase name="testInsufficientTopup" classname="com.ug7.soal1.AppTest" time="0.001">
    <failure message="expected: &lt;0&gt; but was: &lt;-51000&gt;" type="org.opentest4j.AssertionFailedError"><![CDATA[org.opentest4j.AssertionFailedError: expected: <0> but was: <-51000>
	at com.ug7.soal1.AppTest.testInsufficientTopup(AppTest.java:39)
]]></failure>
  </testcase>
</testsuite>